Build started 31-08-2024 13:37:01.
     1>Project "C:\Users\dell\documents\visual studio 2010\Projects\234101039_digit_recognition\234101039_digit_recognition\234101039_digit_recognition.vcxproj" on node 2 (build target(s)).
     1>InitializeBuildStatus:
         Creating "Debug\234101039_digit_recognition.unsuccessfulbuild" because "AlwaysCreate" was specified.
       ClCompile:
         c:\Program Files (x86)\Microsoft Visual Studio 10.0\VC\bin\CL.exe /c /ZI /nologo /W3 /WX- /Od /Oy- /D WIN32 /D _DEBUG /D _CONSOLE /D _UNICODE /D UNICODE /Gm /EHsc /RTC1 /MDd /GS /fp:precise /Zc:wchar_t /Zc:forScope /Yc"StdAfx.h" /Fp"Debug\234101039_digit_recognition.pch" /Fo"Debug\\" /Fd"Debug\vc100.pdb" /Gd /TP /analyze- /errorReport:prompt stdafx.cpp
         stdafx.cpp
         c:\Program Files (x86)\Microsoft Visual Studio 10.0\VC\bin\CL.exe /c /ZI /nologo /W3 /WX- /Od /Oy- /D WIN32 /D _DEBUG /D _CONSOLE /D _UNICODE /D UNICODE /Gm /EHsc /RTC1 /MDd /GS /fp:precise /Zc:wchar_t /Zc:forScope /Yu"StdAfx.h" /Fp"Debug\234101039_digit_recognition.pch" /Fo"Debug\\" /Fd"Debug\vc100.pdb" /Gd /TP /analyze- /errorReport:prompt 234101039_digit_recognition.cpp
         234101039_digit_recognition.cpp
     1>c:\users\dell\documents\visual studio 2010\projects\234101039_digit_recognition\234101039_digit_recognition\234101039_digit_recognition.cpp(52): warning C4996: 'fopen': This function or variable may be unsafe. Consider using fopen_s instead. To disable deprecation, use _CRT_SECURE_NO_WARNINGS. See online help for details.
                 c:\program files (x86)\microsoft visual studio 10.0\vc\include\stdio.h(234) : see declaration of 'fopen'
     1>c:\users\dell\documents\visual studio 2010\projects\234101039_digit_recognition\234101039_digit_recognition\234101039_digit_recognition.cpp(63): warning C4996: 'fscanf': This function or variable may be unsafe. Consider using fscanf_s instead. To disable deprecation, use _CRT_SECURE_NO_WARNINGS. See online help for details.
                 c:\program files (x86)\microsoft visual studio 10.0\vc\include\stdio.h(253) : see declaration of 'fscanf'
     1>c:\users\dell\documents\visual studio 2010\projects\234101039_digit_recognition\234101039_digit_recognition\234101039_digit_recognition.cpp(76): warning C4996: 'fscanf': This function or variable may be unsafe. Consider using fscanf_s instead. To disable deprecation, use _CRT_SECURE_NO_WARNINGS. See online help for details.
                 c:\program files (x86)\microsoft visual studio 10.0\vc\include\stdio.h(253) : see declaration of 'fscanf'
     1>c:\users\dell\documents\visual studio 2010\projects\234101039_digit_recognition\234101039_digit_recognition\234101039_digit_recognition.cpp(153): warning C4996: 'fopen': This function or variable may be unsafe. Consider using fopen_s instead. To disable deprecation, use _CRT_SECURE_NO_WARNINGS. See online help for details.
                 c:\program files (x86)\microsoft visual studio 10.0\vc\include\stdio.h(234) : see declaration of 'fopen'
     1>c:\users\dell\documents\visual studio 2010\projects\234101039_digit_recognition\234101039_digit_recognition\234101039_digit_recognition.cpp(160): warning C4996: 'fscanf': This function or variable may be unsafe. Consider using fscanf_s instead. To disable deprecation, use _CRT_SECURE_NO_WARNINGS. See online help for details.
                 c:\program files (x86)\microsoft visual studio 10.0\vc\include\stdio.h(253) : see declaration of 'fscanf'
     1>c:\users\dell\documents\visual studio 2010\projects\234101039_digit_recognition\234101039_digit_recognition\234101039_digit_recognition.cpp(248): warning C4996: 'fopen': This function or variable may be unsafe. Consider using fopen_s instead. To disable deprecation, use _CRT_SECURE_NO_WARNINGS. See online help for details.
                 c:\program files (x86)\microsoft visual studio 10.0\vc\include\stdio.h(234) : see declaration of 'fopen'
     1>c:\users\dell\documents\visual studio 2010\projects\234101039_digit_recognition\234101039_digit_recognition\234101039_digit_recognition.cpp(252): warning C4996: '_snprintf': This function or variable may be unsafe. Consider using _snprintf_s instead. To disable deprecation, use _CRT_SECURE_NO_WARNINGS. See online help for details.
                 c:\program files (x86)\microsoft visual studio 10.0\vc\include\stdio.h(363) : see declaration of '_snprintf'
     1>c:\users\dell\documents\visual studio 2010\projects\234101039_digit_recognition\234101039_digit_recognition\234101039_digit_recognition.cpp(275): warning C4996: 'fopen': This function or variable may be unsafe. Consider using fopen_s instead. To disable deprecation, use _CRT_SECURE_NO_WARNINGS. See online help for details.
                 c:\program files (x86)\microsoft visual studio 10.0\vc\include\stdio.h(234) : see declaration of 'fopen'
     1>c:\users\dell\documents\visual studio 2010\projects\234101039_digit_recognition\234101039_digit_recognition\234101039_digit_recognition.cpp(293): warning C4996: 'fopen': This function or variable may be unsafe. Consider using fopen_s instead. To disable deprecation, use _CRT_SECURE_NO_WARNINGS. See online help for details.
                 c:\program files (x86)\microsoft visual studio 10.0\vc\include\stdio.h(234) : see declaration of 'fopen'
     1>c:\users\dell\documents\visual studio 2010\projects\234101039_digit_recognition\234101039_digit_recognition\234101039_digit_recognition.cpp(302): warning C4996: 'fscanf': This function or variable may be unsafe. Consider using fscanf_s instead. To disable deprecation, use _CRT_SECURE_NO_WARNINGS. See online help for details.
                 c:\program files (x86)\microsoft visual studio 10.0\vc\include\stdio.h(253) : see declaration of 'fscanf'
     1>c:\users\dell\documents\visual studio 2010\projects\234101039_digit_recognition\234101039_digit_recognition\234101039_digit_recognition.cpp(312): warning C4996: 'fopen': This function or variable may be unsafe. Consider using fopen_s instead. To disable deprecation, use _CRT_SECURE_NO_WARNINGS. See online help for details.
                 c:\program files (x86)\microsoft visual studio 10.0\vc\include\stdio.h(234) : see declaration of 'fopen'
     1>c:\users\dell\documents\visual studio 2010\projects\234101039_digit_recognition\234101039_digit_recognition\234101039_digit_recognition.cpp(411): warning C4996: 'fopen': This function or variable may be unsafe. Consider using fopen_s instead. To disable deprecation, use _CRT_SECURE_NO_WARNINGS. See online help for details.
                 c:\program files (x86)\microsoft visual studio 10.0\vc\include\stdio.h(234) : see declaration of 'fopen'
     1>c:\users\dell\documents\visual studio 2010\projects\234101039_digit_recognition\234101039_digit_recognition\234101039_digit_recognition.cpp(497): warning C4996: 'fopen': This function or variable may be unsafe. Consider using fopen_s instead. To disable deprecation, use _CRT_SECURE_NO_WARNINGS. See online help for details.
                 c:\program files (x86)\microsoft visual studio 10.0\vc\include\stdio.h(234) : see declaration of 'fopen'
     1>c:\users\dell\documents\visual studio 2010\projects\234101039_digit_recognition\234101039_digit_recognition\234101039_digit_recognition.cpp(535): warning C4996: 'fopen': This function or variable may be unsafe. Consider using fopen_s instead. To disable deprecation, use _CRT_SECURE_NO_WARNINGS. See online help for details.
                 c:\program files (x86)\microsoft visual studio 10.0\vc\include\stdio.h(234) : see declaration of 'fopen'
     1>c:\users\dell\documents\visual studio 2010\projects\234101039_digit_recognition\234101039_digit_recognition\234101039_digit_recognition.cpp(562): warning C4996: 'fopen': This function or variable may be unsafe. Consider using fopen_s instead. To disable deprecation, use _CRT_SECURE_NO_WARNINGS. See online help for details.
                 c:\program files (x86)\microsoft visual studio 10.0\vc\include\stdio.h(234) : see declaration of 'fopen'
     1>c:\users\dell\documents\visual studio 2010\projects\234101039_digit_recognition\234101039_digit_recognition\234101039_digit_recognition.cpp(590): warning C4996: 'fopen': This function or variable may be unsafe. Consider using fopen_s instead. To disable deprecation, use _CRT_SECURE_NO_WARNINGS. See online help for details.
                 c:\program files (x86)\microsoft visual studio 10.0\vc\include\stdio.h(234) : see declaration of 'fopen'
     1>c:\users\dell\documents\visual studio 2010\projects\234101039_digit_recognition\234101039_digit_recognition\234101039_digit_recognition.cpp(634): warning C4996: 'fopen': This function or variable may be unsafe. Consider using fopen_s instead. To disable deprecation, use _CRT_SECURE_NO_WARNINGS. See online help for details.
                 c:\program files (x86)\microsoft visual studio 10.0\vc\include\stdio.h(234) : see declaration of 'fopen'
     1>c:\users\dell\documents\visual studio 2010\projects\234101039_digit_recognition\234101039_digit_recognition\234101039_digit_recognition.cpp(730): warning C4996: '_snprintf': This function or variable may be unsafe. Consider using _snprintf_s instead. To disable deprecation, use _CRT_SECURE_NO_WARNINGS. See online help for details.
                 c:\program files (x86)\microsoft visual studio 10.0\vc\include\stdio.h(363) : see declaration of '_snprintf'
     1>c:\users\dell\documents\visual studio 2010\projects\234101039_digit_recognition\234101039_digit_recognition\234101039_digit_recognition.cpp(732): warning C4996: '_snprintf': This function or variable may be unsafe. Consider using _snprintf_s instead. To disable deprecation, use _CRT_SECURE_NO_WARNINGS. See online help for details.
                 c:\program files (x86)\microsoft visual studio 10.0\vc\include\stdio.h(363) : see declaration of '_snprintf'
     1>c:\users\dell\documents\visual studio 2010\projects\234101039_digit_recognition\234101039_digit_recognition\234101039_digit_recognition.cpp(734): warning C4996: '_snprintf': This function or variable may be unsafe. Consider using _snprintf_s instead. To disable deprecation, use _CRT_SECURE_NO_WARNINGS. See online help for details.
                 c:\program files (x86)\microsoft visual studio 10.0\vc\include\stdio.h(363) : see declaration of '_snprintf'
     1>c:\users\dell\documents\visual studio 2010\projects\234101039_digit_recognition\234101039_digit_recognition\234101039_digit_recognition.cpp(736): warning C4996: '_snprintf': This function or variable may be unsafe. Consider using _snprintf_s instead. To disable deprecation, use _CRT_SECURE_NO_WARNINGS. See online help for details.
                 c:\program files (x86)\microsoft visual studio 10.0\vc\include\stdio.h(363) : see declaration of '_snprintf'
     1>c:\users\dell\documents\visual studio 2010\projects\234101039_digit_recognition\234101039_digit_recognition\234101039_digit_recognition.cpp(738): warning C4996: '_snprintf': This function or variable may be unsafe. Consider using _snprintf_s instead. To disable deprecation, use _CRT_SECURE_NO_WARNINGS. See online help for details.
                 c:\program files (x86)\microsoft visual studio 10.0\vc\include\stdio.h(363) : see declaration of '_snprintf'
     1>c:\users\dell\documents\visual studio 2010\projects\234101039_digit_recognition\234101039_digit_recognition\234101039_digit_recognition.cpp(740): warning C4996: '_snprintf': This function or variable may be unsafe. Consider using _snprintf_s instead. To disable deprecation, use _CRT_SECURE_NO_WARNINGS. See online help for details.
                 c:\program files (x86)\microsoft visual studio 10.0\vc\include\stdio.h(363) : see declaration of '_snprintf'
     1>c:\users\dell\documents\visual studio 2010\projects\234101039_digit_recognition\234101039_digit_recognition\234101039_digit_recognition.cpp(751): warning C4996: '_snprintf': This function or variable may be unsafe. Consider using _snprintf_s instead. To disable deprecation, use _CRT_SECURE_NO_WARNINGS. See online help for details.
                 c:\program files (x86)\microsoft visual studio 10.0\vc\include\stdio.h(363) : see declaration of '_snprintf'
     1>c:\users\dell\documents\visual studio 2010\projects\234101039_digit_recognition\234101039_digit_recognition\234101039_digit_recognition.cpp(752): warning C4996: 'fopen': This function or variable may be unsafe. Consider using fopen_s instead. To disable deprecation, use _CRT_SECURE_NO_WARNINGS. See online help for details.
                 c:\program files (x86)\microsoft visual studio 10.0\vc\include\stdio.h(234) : see declaration of 'fopen'
     1>c:\users\dell\documents\visual studio 2010\projects\234101039_digit_recognition\234101039_digit_recognition\234101039_digit_recognition.cpp(761): warning C4996: 'fscanf': This function or variable may be unsafe. Consider using fscanf_s instead. To disable deprecation, use _CRT_SECURE_NO_WARNINGS. See online help for details.
                 c:\program files (x86)\microsoft visual studio 10.0\vc\include\stdio.h(253) : see declaration of 'fscanf'
     1>c:\users\dell\documents\visual studio 2010\projects\234101039_digit_recognition\234101039_digit_recognition\234101039_digit_recognition.cpp(767): warning C4996: '_snprintf': This function or variable may be unsafe. Consider using _snprintf_s instead. To disable deprecation, use _CRT_SECURE_NO_WARNINGS. See online help for details.
                 c:\program files (x86)\microsoft visual studio 10.0\vc\include\stdio.h(363) : see declaration of '_snprintf'
     1>c:\users\dell\documents\visual studio 2010\projects\234101039_digit_recognition\234101039_digit_recognition\234101039_digit_recognition.cpp(768): warning C4996: 'fopen': This function or variable may be unsafe. Consider using fopen_s instead. To disable deprecation, use _CRT_SECURE_NO_WARNINGS. See online help for details.
                 c:\program files (x86)\microsoft visual studio 10.0\vc\include\stdio.h(234) : see declaration of 'fopen'
     1>c:\users\dell\documents\visual studio 2010\projects\234101039_digit_recognition\234101039_digit_recognition\234101039_digit_recognition.cpp(773): warning C4996: 'fscanf': This function or variable may be unsafe. Consider using fscanf_s instead. To disable deprecation, use _CRT_SECURE_NO_WARNINGS. See online help for details.
                 c:\program files (x86)\microsoft visual studio 10.0\vc\include\stdio.h(253) : see declaration of 'fscanf'
     1>c:\users\dell\documents\visual studio 2010\projects\234101039_digit_recognition\234101039_digit_recognition\234101039_digit_recognition.cpp(778): warning C4996: 'fopen': This function or variable may be unsafe. Consider using fopen_s instead. To disable deprecation, use _CRT_SECURE_NO_WARNINGS. See online help for details.
                 c:\program files (x86)\microsoft visual studio 10.0\vc\include\stdio.h(234) : see declaration of 'fopen'
     1>c:\users\dell\documents\visual studio 2010\projects\234101039_digit_recognition\234101039_digit_recognition\234101039_digit_recognition.cpp(781): warning C4996: 'fscanf': This function or variable may be unsafe. Consider using fscanf_s instead. To disable deprecation, use _CRT_SECURE_NO_WARNINGS. See online help for details.
                 c:\program files (x86)\microsoft visual studio 10.0\vc\include\stdio.h(253) : see declaration of 'fscanf'
     1>c:\users\dell\documents\visual studio 2010\projects\234101039_digit_recognition\234101039_digit_recognition\234101039_digit_recognition.cpp(785): warning C4996: 'fopen': This function or variable may be unsafe. Consider using fopen_s instead. To disable deprecation, use _CRT_SECURE_NO_WARNINGS. See online help for details.
                 c:\program files (x86)\microsoft visual studio 10.0\vc\include\stdio.h(234) : see declaration of 'fopen'
     1>c:\users\dell\documents\visual studio 2010\projects\234101039_digit_recognition\234101039_digit_recognition\234101039_digit_recognition.cpp(788): warning C4996: 'fscanf': This function or variable may be unsafe. Consider using fscanf_s instead. To disable deprecation, use _CRT_SECURE_NO_WARNINGS. See online help for details.
                 c:\program files (x86)\microsoft visual studio 10.0\vc\include\stdio.h(253) : see declaration of 'fscanf'
     1>c:\users\dell\documents\visual studio 2010\projects\234101039_digit_recognition\234101039_digit_recognition\234101039_digit_recognition.cpp(808): warning C4996: '_snprintf': This function or variable may be unsafe. Consider using _snprintf_s instead. To disable deprecation, use _CRT_SECURE_NO_WARNINGS. See online help for details.
                 c:\program files (x86)\microsoft visual studio 10.0\vc\include\stdio.h(363) : see declaration of '_snprintf'
     1>c:\users\dell\documents\visual studio 2010\projects\234101039_digit_recognition\234101039_digit_recognition\234101039_digit_recognition.cpp(809): warning C4996: 'fopen': This function or variable may be unsafe. Consider using fopen_s instead. To disable deprecation, use _CRT_SECURE_NO_WARNINGS. See online help for details.
                 c:\program files (x86)\microsoft visual studio 10.0\vc\include\stdio.h(234) : see declaration of 'fopen'
     1>c:\users\dell\documents\visual studio 2010\projects\234101039_digit_recognition\234101039_digit_recognition\234101039_digit_recognition.cpp(821): warning C4996: '_snprintf': This function or variable may be unsafe. Consider using _snprintf_s instead. To disable deprecation, use _CRT_SECURE_NO_WARNINGS. See online help for details.
                 c:\program files (x86)\microsoft visual studio 10.0\vc\include\stdio.h(363) : see declaration of '_snprintf'
     1>c:\users\dell\documents\visual studio 2010\projects\234101039_digit_recognition\234101039_digit_recognition\234101039_digit_recognition.cpp(822): warning C4996: 'fopen': This function or variable may be unsafe. Consider using fopen_s instead. To disable deprecation, use _CRT_SECURE_NO_WARNINGS. See online help for details.
                 c:\program files (x86)\microsoft visual studio 10.0\vc\include\stdio.h(234) : see declaration of 'fopen'
     1>c:\users\dell\documents\visual studio 2010\projects\234101039_digit_recognition\234101039_digit_recognition\234101039_digit_recognition.cpp(841): warning C4996: '_snprintf': This function or variable may be unsafe. Consider using _snprintf_s instead. To disable deprecation, use _CRT_SECURE_NO_WARNINGS. See online help for details.
                 c:\program files (x86)\microsoft visual studio 10.0\vc\include\stdio.h(363) : see declaration of '_snprintf'
     1>c:\users\dell\documents\visual studio 2010\projects\234101039_digit_recognition\234101039_digit_recognition\234101039_digit_recognition.cpp(842): warning C4996: 'fopen': This function or variable may be unsafe. Consider using fopen_s instead. To disable deprecation, use _CRT_SECURE_NO_WARNINGS. See online help for details.
                 c:\program files (x86)\microsoft visual studio 10.0\vc\include\stdio.h(234) : see declaration of 'fopen'
     1>c:\users\dell\documents\visual studio 2010\projects\234101039_digit_recognition\234101039_digit_recognition\234101039_digit_recognition.cpp(847): warning C4996: 'fscanf': This function or variable may be unsafe. Consider using fscanf_s instead. To disable deprecation, use _CRT_SECURE_NO_WARNINGS. See online help for details.
                 c:\program files (x86)\microsoft visual studio 10.0\vc\include\stdio.h(253) : see declaration of 'fscanf'
     1>c:\users\dell\documents\visual studio 2010\projects\234101039_digit_recognition\234101039_digit_recognition\234101039_digit_recognition.cpp(853): warning C4996: '_snprintf': This function or variable may be unsafe. Consider using _snprintf_s instead. To disable deprecation, use _CRT_SECURE_NO_WARNINGS. See online help for details.
                 c:\program files (x86)\microsoft visual studio 10.0\vc\include\stdio.h(363) : see declaration of '_snprintf'
     1>c:\users\dell\documents\visual studio 2010\projects\234101039_digit_recognition\234101039_digit_recognition\234101039_digit_recognition.cpp(854): warning C4996: 'fopen': This function or variable may be unsafe. Consider using fopen_s instead. To disable deprecation, use _CRT_SECURE_NO_WARNINGS. See online help for details.
                 c:\program files (x86)\microsoft visual studio 10.0\vc\include\stdio.h(234) : see declaration of 'fopen'
     1>c:\users\dell\documents\visual studio 2010\projects\234101039_digit_recognition\234101039_digit_recognition\234101039_digit_recognition.cpp(859): warning C4996: 'fscanf': This function or variable may be unsafe. Consider using fscanf_s instead. To disable deprecation, use _CRT_SECURE_NO_WARNINGS. See online help for details.
                 c:\program files (x86)\microsoft visual studio 10.0\vc\include\stdio.h(253) : see declaration of 'fscanf'
     1>c:\users\dell\documents\visual studio 2010\projects\234101039_digit_recognition\234101039_digit_recognition\234101039_digit_recognition.cpp(867): warning C4996: '_snprintf': This function or variable may be unsafe. Consider using _snprintf_s instead. To disable deprecation, use _CRT_SECURE_NO_WARNINGS. See online help for details.
                 c:\program files (x86)\microsoft visual studio 10.0\vc\include\stdio.h(363) : see declaration of '_snprintf'
     1>c:\users\dell\documents\visual studio 2010\projects\234101039_digit_recognition\234101039_digit_recognition\234101039_digit_recognition.cpp(868): warning C4996: 'fopen': This function or variable may be unsafe. Consider using fopen_s instead. To disable deprecation, use _CRT_SECURE_NO_WARNINGS. See online help for details.
                 c:\program files (x86)\microsoft visual studio 10.0\vc\include\stdio.h(234) : see declaration of 'fopen'
     1>c:\users\dell\documents\visual studio 2010\projects\234101039_digit_recognition\234101039_digit_recognition\234101039_digit_recognition.cpp(878): warning C4996: '_snprintf': This function or variable may be unsafe. Consider using _snprintf_s instead. To disable deprecation, use _CRT_SECURE_NO_WARNINGS. See online help for details.
                 c:\program files (x86)\microsoft visual studio 10.0\vc\include\stdio.h(363) : see declaration of '_snprintf'
     1>c:\users\dell\documents\visual studio 2010\projects\234101039_digit_recognition\234101039_digit_recognition\234101039_digit_recognition.cpp(879): warning C4996: 'fopen': This function or variable may be unsafe. Consider using fopen_s instead. To disable deprecation, use _CRT_SECURE_NO_WARNINGS. See online help for details.
                 c:\program files (x86)\microsoft visual studio 10.0\vc\include\stdio.h(234) : see declaration of 'fopen'
     1>c:\users\dell\documents\visual studio 2010\projects\234101039_digit_recognition\234101039_digit_recognition\234101039_digit_recognition.cpp(893): warning C4996: '_snprintf': This function or variable may be unsafe. Consider using _snprintf_s instead. To disable deprecation, use _CRT_SECURE_NO_WARNINGS. See online help for details.
                 c:\program files (x86)\microsoft visual studio 10.0\vc\include\stdio.h(363) : see declaration of '_snprintf'
     1>c:\users\dell\documents\visual studio 2010\projects\234101039_digit_recognition\234101039_digit_recognition\234101039_digit_recognition.cpp(894): warning C4996: 'fopen': This function or variable may be unsafe. Consider using fopen_s instead. To disable deprecation, use _CRT_SECURE_NO_WARNINGS. See online help for details.
                 c:\program files (x86)\microsoft visual studio 10.0\vc\include\stdio.h(234) : see declaration of 'fopen'
     1>c:\users\dell\documents\visual studio 2010\projects\234101039_digit_recognition\234101039_digit_recognition\234101039_digit_recognition.cpp(905): warning C4996: '_snprintf': This function or variable may be unsafe. Consider using _snprintf_s instead. To disable deprecation, use _CRT_SECURE_NO_WARNINGS. See online help for details.
                 c:\program files (x86)\microsoft visual studio 10.0\vc\include\stdio.h(363) : see declaration of '_snprintf'
     1>c:\users\dell\documents\visual studio 2010\projects\234101039_digit_recognition\234101039_digit_recognition\234101039_digit_recognition.cpp(906): warning C4996: 'fopen': This function or variable may be unsafe. Consider using fopen_s instead. To disable deprecation, use _CRT_SECURE_NO_WARNINGS. See online help for details.
                 c:\program files (x86)\microsoft visual studio 10.0\vc\include\stdio.h(234) : see declaration of 'fopen'
     1>c:\users\dell\documents\visual studio 2010\projects\234101039_digit_recognition\234101039_digit_recognition\234101039_digit_recognition.cpp(923): warning C4996: '_snprintf': This function or variable may be unsafe. Consider using _snprintf_s instead. To disable deprecation, use _CRT_SECURE_NO_WARNINGS. See online help for details.
                 c:\program files (x86)\microsoft visual studio 10.0\vc\include\stdio.h(363) : see declaration of '_snprintf'
     1>c:\users\dell\documents\visual studio 2010\projects\234101039_digit_recognition\234101039_digit_recognition\234101039_digit_recognition.cpp(924): warning C4996: 'fopen': This function or variable may be unsafe. Consider using fopen_s instead. To disable deprecation, use _CRT_SECURE_NO_WARNINGS. See online help for details.
                 c:\program files (x86)\microsoft visual studio 10.0\vc\include\stdio.h(234) : see declaration of 'fopen'
     1>c:\users\dell\documents\visual studio 2010\projects\234101039_digit_recognition\234101039_digit_recognition\234101039_digit_recognition.cpp(930): warning C4996: 'fscanf': This function or variable may be unsafe. Consider using fscanf_s instead. To disable deprecation, use _CRT_SECURE_NO_WARNINGS. See online help for details.
                 c:\program files (x86)\microsoft visual studio 10.0\vc\include\stdio.h(253) : see declaration of 'fscanf'
     1>c:\users\dell\documents\visual studio 2010\projects\234101039_digit_recognition\234101039_digit_recognition\234101039_digit_recognition.cpp(936): warning C4996: '_snprintf': This function or variable may be unsafe. Consider using _snprintf_s instead. To disable deprecation, use _CRT_SECURE_NO_WARNINGS. See online help for details.
                 c:\program files (x86)\microsoft visual studio 10.0\vc\include\stdio.h(363) : see declaration of '_snprintf'
     1>c:\users\dell\documents\visual studio 2010\projects\234101039_digit_recognition\234101039_digit_recognition\234101039_digit_recognition.cpp(937): warning C4996: 'fopen': This function or variable may be unsafe. Consider using fopen_s instead. To disable deprecation, use _CRT_SECURE_NO_WARNINGS. See online help for details.
                 c:\program files (x86)\microsoft visual studio 10.0\vc\include\stdio.h(234) : see declaration of 'fopen'
     1>c:\users\dell\documents\visual studio 2010\projects\234101039_digit_recognition\234101039_digit_recognition\234101039_digit_recognition.cpp(940): warning C4996: 'fscanf': This function or variable may be unsafe. Consider using fscanf_s instead. To disable deprecation, use _CRT_SECURE_NO_WARNINGS. See online help for details.
                 c:\program files (x86)\microsoft visual studio 10.0\vc\include\stdio.h(253) : see declaration of 'fscanf'
     1>c:\users\dell\documents\visual studio 2010\projects\234101039_digit_recognition\234101039_digit_recognition\234101039_digit_recognition.cpp(945): warning C4996: 'fopen': This function or variable may be unsafe. Consider using fopen_s instead. To disable deprecation, use _CRT_SECURE_NO_WARNINGS. See online help for details.
                 c:\program files (x86)\microsoft visual studio 10.0\vc\include\stdio.h(234) : see declaration of 'fopen'
     1>c:\users\dell\documents\visual studio 2010\projects\234101039_digit_recognition\234101039_digit_recognition\234101039_digit_recognition.cpp(948): warning C4996: 'fscanf': This function or variable may be unsafe. Consider using fscanf_s instead. To disable deprecation, use _CRT_SECURE_NO_WARNINGS. See online help for details.
                 c:\program files (x86)\microsoft visual studio 10.0\vc\include\stdio.h(253) : see declaration of 'fscanf'
     1>c:\users\dell\documents\visual studio 2010\projects\234101039_digit_recognition\234101039_digit_recognition\234101039_digit_recognition.cpp(952): warning C4996: 'fopen': This function or variable may be unsafe. Consider using fopen_s instead. To disable deprecation, use _CRT_SECURE_NO_WARNINGS. See online help for details.
                 c:\program files (x86)\microsoft visual studio 10.0\vc\include\stdio.h(234) : see declaration of 'fopen'
     1>c:\users\dell\documents\visual studio 2010\projects\234101039_digit_recognition\234101039_digit_recognition\234101039_digit_recognition.cpp(955): warning C4996: 'fscanf': This function or variable may be unsafe. Consider using fscanf_s instead. To disable deprecation, use _CRT_SECURE_NO_WARNINGS. See online help for details.
                 c:\program files (x86)\microsoft visual studio 10.0\vc\include\stdio.h(253) : see declaration of 'fscanf'
     1>c:\users\dell\documents\visual studio 2010\projects\234101039_digit_recognition\234101039_digit_recognition\234101039_digit_recognition.cpp(981): warning C4996: '_snprintf': This function or variable may be unsafe. Consider using _snprintf_s instead. To disable deprecation, use _CRT_SECURE_NO_WARNINGS. See online help for details.
                 c:\program files (x86)\microsoft visual studio 10.0\vc\include\stdio.h(363) : see declaration of '_snprintf'
     1>c:\users\dell\documents\visual studio 2010\projects\234101039_digit_recognition\234101039_digit_recognition\234101039_digit_recognition.cpp(999): warning C4996: '_snprintf': This function or variable may be unsafe. Consider using _snprintf_s instead. To disable deprecation, use _CRT_SECURE_NO_WARNINGS. See online help for details.
                 c:\program files (x86)\microsoft visual studio 10.0\vc\include\stdio.h(363) : see declaration of '_snprintf'
     1>c:\users\dell\documents\visual studio 2010\projects\234101039_digit_recognition\234101039_digit_recognition\234101039_digit_recognition.cpp(1016): warning C4996: 'strcat': This function or variable may be unsafe. Consider using strcat_s instead. To disable deprecation, use _CRT_SECURE_NO_WARNINGS. See online help for details.
                 c:\program files (x86)\microsoft visual studio 10.0\vc\include\string.h(110) : see declaration of 'strcat'
     1>c:\users\dell\documents\visual studio 2010\projects\234101039_digit_recognition\234101039_digit_recognition\234101039_digit_recognition.cpp(1017): warning C4996: 'fopen': This function or variable may be unsafe. Consider using fopen_s instead. To disable deprecation, use _CRT_SECURE_NO_WARNINGS. See online help for details.
                 c:\program files (x86)\microsoft visual studio 10.0\vc\include\stdio.h(234) : see declaration of 'fopen'
     1>c:\users\dell\documents\visual studio 2010\projects\234101039_digit_recognition\234101039_digit_recognition\234101039_digit_recognition.cpp(1021): warning C4996: 'fscanf': This function or variable may be unsafe. Consider using fscanf_s instead. To disable deprecation, use _CRT_SECURE_NO_WARNINGS. See online help for details.
                 c:\program files (x86)\microsoft visual studio 10.0\vc\include\stdio.h(253) : see declaration of 'fscanf'
     1>c:\users\dell\documents\visual studio 2010\projects\234101039_digit_recognition\234101039_digit_recognition\234101039_digit_recognition.cpp(1028): warning C4996: 'strcat': This function or variable may be unsafe. Consider using strcat_s instead. To disable deprecation, use _CRT_SECURE_NO_WARNINGS. See online help for details.
                 c:\program files (x86)\microsoft visual studio 10.0\vc\include\string.h(110) : see declaration of 'strcat'
     1>c:\users\dell\documents\visual studio 2010\projects\234101039_digit_recognition\234101039_digit_recognition\234101039_digit_recognition.cpp(1029): warning C4996: 'fopen': This function or variable may be unsafe. Consider using fopen_s instead. To disable deprecation, use _CRT_SECURE_NO_WARNINGS. See online help for details.
                 c:\program files (x86)\microsoft visual studio 10.0\vc\include\stdio.h(234) : see declaration of 'fopen'
       ManifestResourceCompile:
         All outputs are up-to-date.
       Link:
         c:\Program Files (x86)\Microsoft Visual Studio 10.0\VC\bin\link.exe /ERRORREPORT:PROMPT /OUT:"C:\Users\dell\documents\visual studio 2010\Projects\234101039_digit_recognition\Debug\234101039_digit_recognition.exe" /INCREMENTAL /NOLOGO kernel32.lib user32.lib gdi32.lib winspool.lib comdlg32.lib advapi32.lib shell32.lib ole32.lib oleaut32.lib uuid.lib odbc32.lib odbccp32.lib /MANIFEST /ManifestFile:"Debug\234101039_digit_recognition.exe.intermediate.manifest" /MANIFESTUAC:"level='asInvoker' uiAccess='false'" /DEBUG /PDB:"C:\Users\dell\documents\visual studio 2010\Projects\234101039_digit_recognition\Debug\234101039_digit_recognition.pdb" /SUBSYSTEM:CONSOLE /TLBID:1 /DYNAMICBASE /NXCOMPAT /IMPLIB:"C:\Users\dell\documents\visual studio 2010\Projects\234101039_digit_recognition\Debug\234101039_digit_recognition.lib" /MACHINE:X86 Debug\234101039_digit_recognition.exe.embed.manifest.res
         Debug\234101039_digit_recognition.obj
         Debug\stdafx.obj
       Manifest:
         c:\Program Files (x86)\Microsoft SDKs\Windows\v7.0A\bin\mt.exe /nologo /verbose /out:"Debug\234101039_digit_recognition.exe.embed.manifest" /manifest Debug\234101039_digit_recognition.exe.intermediate.manifest
         All outputs are up-to-date.
       LinkEmbedManifest:
         All outputs are up-to-date.
         234101039_digit_recognition.vcxproj -> C:\Users\dell\documents\visual studio 2010\Projects\234101039_digit_recognition\Debug\234101039_digit_recognition.exe
       FinalizeBuildStatus:
         Deleting file "Debug\234101039_digit_recognition.unsuccessfulbuild".
         Touching "Debug\234101039_digit_recognition.lastbuildstate".
     1>Done Building Project "C:\Users\dell\documents\visual studio 2010\Projects\234101039_digit_recognition\234101039_digit_recognition\234101039_digit_recognition.vcxproj" (build target(s)).

Build succeeded.

Time Elapsed 00:00:03.95
